<?xml version="1.0" encoding="UTF-8"?>
<robot generator="Robot 4.1.3 (Python 3.10.1 on win32)" generated="20220110 23:37:14.590" rpa="false" schemaversion="2">
<suite id="s1" name="TC1.JsonPlaceHolder" source="C:\development\robot-scripts\ApiProjectFromPavan\TestCases\TC1.JsonPlaceHolder.robot">
<kw name="Create Session" library="RequestsLibrary" type="SETUP">
<arg>jsonplaceholder</arg>
<arg>https://jsonplaceholder.typicode.com</arg>
<doc>Create Session: create a HTTP session to a server</doc>
<msg timestamp="20220110 23:37:14.794" level="INFO">Creating Session using : alias=jsonplaceholder, url=https://jsonplaceholder.typicode.com, headers={},                     cookies={}, auth=None, timeout=None, proxies=None, verify=False,                     debug=0 </msg>
<status status="PASS" starttime="20220110 23:37:14.794" endtime="20220110 23:37:14.795"/>
</kw>
<test id="s1-t1" name="Get Request Test">
<kw name="Create Session" library="RequestsLibrary">
<arg>google</arg>
<arg>http://www.google.com</arg>
<doc>Create Session: create a HTTP session to a server</doc>
<msg timestamp="20220110 23:37:14.796" level="INFO">Creating Session using : alias=google, url=http://www.google.com, headers={},                     cookies={}, auth=None, timeout=None, proxies=None, verify=False,                     debug=0 </msg>
<status status="PASS" starttime="20220110 23:37:14.796" endtime="20220110 23:37:14.796"/>
</kw>
<kw name="GET On Session" library="RequestsLibrary">
<var>${resp_google}</var>
<arg>google</arg>
<arg>/</arg>
<arg>expected_status=200</arg>
<doc>Sends a GET request on a previously created HTTP Session.</doc>
<msg timestamp="20220110 23:37:14.902" level="INFO">GET Request : url=http://www.google.com/ 
 path_url=/ 
 headers={'User-Agent': 'python-requests/2.27.1', 'Accept-Encoding': 'gzip, deflate', 'Accept': '*/*', 'Connection': 'keep-alive'} 
 body=None 
 </msg>
<msg timestamp="20220110 23:37:14.902" level="INFO">GET Response : url=http://www.google.com/ 
 status=200, reason=OK 
 headers={'Date': 'Mon, 10 Jan 2022 22:37:16 GMT', 'Expires': '-1', 'Cache-Control': 'private, max-age=0', 'Content-Type': 'text/html; charset=ISO-8859-1', 'P3P': 'CP="This is not a P3P policy! See g.co/p3phelp for more info."', 'Content-Encoding': 'gzip', 'Server': 'gws', 'Content-Length': '6824', 'X-XSS-Protection': '0', 'X-Frame-Options': 'SAMEORIGIN', 'Set-Cookie': 'NID=511=qs8B598I7eogT4vziW5-vVQV1wbqyp23o-NttNHcahMYQLiiA7R-qfihw0iEhZIMRySAqvLRe7Dq5hS3H_wYU3aU44MWoAUHIR6RjACRQD8W2gFACpDdwAkwG8eipe02jA73DQ6HxMsnJA__NLTMH1NrUHuIBa5QVb8GYHw1dOE; expires=Tue, 12-Jul-2022 22:37:16 GMT; path=/; domain=.google.com; HttpOnly'} 
 body=&lt;!doctype html&gt;&lt;html itemscope="" itemtype="http://schema.org/WebPage" lang="nl"&gt;&lt;head&gt;&lt;meta content="text/html; charset=UTF-8" http-equiv="Content-Type"&gt;&lt;meta content="/images/branding/googleg/1x/googleg_standard_color_128dp.png" itemprop="image"&gt;&lt;title&gt;Google&lt;/title&gt;&lt;script nonce="a7E6IplWo+JgvI96RGkiZA=="&gt;(function(){window.google={kEI:'HLXcYcntEoSdkwXbh4_wCg',kEXPI:'0,202407,12,1100117,56873,6059,206,4804,2316,383,246,5,1354,4013,1238,1122515,1197724,677,380090,16114,17444,11240,17572,4859,1361,9291,3023,4750,12835,4998,13228,1837,2010,10622,21822,920,5080,887,706,1279,2212,530,149,1103,840,1983,214,4100,3514,606,2023,1777,520,14670,3227,1990,855,7,4774,7580,5096,7539,4085,4696,908,2,941,2614,13142,3,346,230,6460,148,12314,1656,4,1258,275,655,1649,6463,4156,1103,5806,14584,2658,6536,165,654,32,13628,2305,2132,16786,651,1870,3291,2545,4094,3138,6,908,3,3541,1,16526,281,912,5992,18443,2,14022,1931,3909,1680,744,5852,8874,1589,1160,1266,4413,1020,2379,2720,18297,2,1,12,7712,4567,2578,3678,2981,2251,2,12214,1183,2172,2618,237,4,196,393,419,6181,10918,876,2830,1555,1362,1416,1218,1552,1615,292,203,83,54,1073,117,1714,11,1,1,1196,7,1787,8202,581,726,1931,347,224,166,302,850,217,1,61,234,387,409,2,1,2748,696,3,670,739,882,6,2,574,187,386,408,1265,10,1,186,116,2,120,285,35,354,2,370,2356,3925,476,352,113,256,902,2,513,795,54,1117,1208,2,18,20,166,5,395,52,19,568,190,187,617,122,68,179,2,269,1658,2,331,1117,12,2988,658,800,334,27,1080,5507383,5997315,257,2800439,882,444,1,2,80,1,1796,1,9,2553,1,748,141,795,563,1,4265,1,1,2,1331,4142,2609,155,17,13,72,139,4,2,20,2,169,13,19,46,5,39,96,548,29,2,2,1,2,1,2,2,7,4,1,2,2,2,2,2,2,353,513,186,1,1,158,3,2,2,2,2,2,4,2,3,3,269,1601,141,67,56,4,9,64,4,11,8,34,23952724,2862026,1179663,3,2414,1491,9,1435,159,1358,404,725,1,3590,3,933,247,7,1285,2092,943',kBL:'OSWy'};google.sn='webhp';google.kHL='nl';})();(function(){
var f=this||self;var h,k=[];function l(a){for(var b;a&amp;&amp;(!a.getAttribute||!(b=a.getAttribute("eid")));)a=a.parentNode;return b||h}function m(a){for(var b=null;a&amp;&amp;(!a.getAttribute||!(b=a.getAttribute("leid")));)a=a.parentNode;return b}
function n(a,b,c,d,g){var e="";c||-1!==b.search("&amp;ei=")||(e="&amp;ei="+l(d),-1===b.search("&amp;lei=")&amp;&amp;(d=m(d))&amp;&amp;(e+="&amp;lei="+d));d="";!c&amp;&amp;f._cshid&amp;&amp;-1===b.search("&amp;cshid=")&amp;&amp;"slh"!==a&amp;&amp;(d="&amp;cshid="+f._cshid);c=c||"/"+(g||"gen_204")+"?atyp=i&amp;ct="+a+"&amp;cad="+b+e+"&amp;zx="+Date.now()+d;/^http:/i.test(c)&amp;&amp;"https:"===window.location.protocol&amp;&amp;(google.ml&amp;&amp;google.ml(Error("a"),!1,{src:c,glmm:1}),c="");return c};h=google.kEI;google.getEI=l;google.getLEI=m;google.ml=function(){return null};google.log=function(a,b,c,d,g){if(c=n(a,b,c,d,g)){a=new Image;var e=k.length;k[e]=a;a.onerror=a.onload=a.onabort=function(){delete k[e]};a.src=c}};google.logUrl=n;}).call(this);(function(){
google.y={};google.sy=[];google.x=function(a,b){if(a)var c=a.id;else{do c=Math.random();while(google.y[c])}google.y[c]=[a,b];return!1};google.sx=function(a){google.sy.push(a)};google.lm=[];google.plm=function(a){google.lm.push.apply(google.lm,a)};google.lq=[];google.load=function(a,b,c){google.lq.push([[a],b,c])};google.loadAll=function(a,b){google.lq.push([a,b])};google.bx=!1;google.lx=function(){};}).call(this);google.f={};(function(){
document.documentElement.addEventListener("submit",function(b){var a;if(a=b.target){var c=a.getAttribute("data-submitfalse");a="1"===c||"q"===c&amp;&amp;!a.elements.q.value?!0:!1}else a=!1;a&amp;&amp;(b.preventDefault(),b.stopPropagation())},!0);document.documentElement.addEventListener("click",function(b){var a;a:{for(a=b.target;a&amp;&amp;a!==document.documentElement;a=a.parentElement)if("A"===a.tagName){a="1"===a.getAttribute("data-nohref");break a}a=!1}a&amp;&amp;b.preventDefault()},!0);}).call(this);&lt;/script&gt;&lt;style&gt;#gbar,#guser{font-size:13px;padding-top:1px !important;}#gbar{height:22px}#guser{padding-bottom:7px !important;text-align:right}.gbh,.gbd{border-top:1px solid #c9d7f1;font-size:1px}.gbh{height:0;position:absolute;top:24px;width:100%}@media all{.gb1{height:22px;margin-right:.5em;vertical-align:top}#gbar{float:left}}a.gb1,a.gb4{text-decoration:underline !important}a.gb1,a.gb4{color:#00c !important}.gbi .gb4{color:#dd8e27 !important}.gbf .gb4{color:#900 !important}
&lt;/style&gt;&lt;style&gt;body,td,a,p,.h{font-family:arial,sans-serif}body{margin:0;overflow-y:scroll}#gog{padding:3px 8px 0}td{line-height:.8em}.gac_m td{line-height:17px}form{margin-bottom:20px}.h{color:#1558d6}em{font-weight:bold;font-style:normal}.lst{height:25px;width:496px}.gsfi,.lst{font:18px arial,sans-serif}.gsfs{font:17px arial,sans-serif}.ds{display:inline-box;display:inline-block;margin:3px 0 4px;margin-left:4px}input{font-family:inherit}body{background:#fff;color:#000}a{color:#4b11a8;text-decoration:none}a:hover,a:active{text-decoration:underline}.fl a{color:#1558d6}a:visited{color:#4b11a8}.sblc{padding-top:5px}.sblc a{display:block;margin:2px 0;margin-left:13px;font-size:11px}.lsbb{background:#f8f9fa;border:solid 1px;border-color:#dadce0 #70757a #70757a #dadce0;height:30px}.lsbb{display:block}#WqQANb a{display:inline-block;margin:0 12px}.lsb{background:url(/images/nav_logo229.png) 0 -261px repeat-x;border:none;color:#000;cursor:pointer;height:30px;margin:0;outline:0;font:15px arial,sans-serif;vertical-align:top}.lsb:active{background:#dadce0}.lst:focus{outline:none}&lt;/style&gt;&lt;script nonce="a7E6IplWo+JgvI96RGkiZA=="&gt;(function(){window.google.erd={jsr:1,bv:1508,de:true};
var f=this||self;var g,h,k=null!==(g=f.mei)&amp;&amp;void 0!==g?g:1,l=null!==(h=f.sdo)&amp;&amp;void 0!==h?h:!0,p=0,q,r=google.erd,u=r.jsr;google.ml=function(a,b,d,m,c){c=void 0===c?2:c;b&amp;&amp;(q=a&amp;&amp;a.message);if(google.dl)return google.dl(a,c,d),null;if(0&gt;u){window.console&amp;&amp;console.error(a,d);if(-2===u)throw a;b=!1}else b=!a||!a.message||"Error loading script"===a.message||p&gt;=k&amp;&amp;!m?!1:!0;if(!b)return null;p++;d=d||{};var e=c;c=encodeURIComponent;b="/gen_204?atyp=i&amp;ei="+c(google.kEI);google.kEXPI&amp;&amp;(b+="&amp;jexpid="+c(google.kEXPI));b+="&amp;srcpg="+c(google.sn)+"&amp;jsr="+c(r.jsr)+"&amp;bver="+c(r.bv)+("&amp;jsel="+e);e=a.lineNumber;void 0!==e&amp;&amp;(b+="&amp;line="+
e);var n=a.fileName;n&amp;&amp;(b+="&amp;script="+c(n),e&amp;&amp;n===window.location.href&amp;&amp;(e=document.documentElement.outerHTML.split("\n")[e],b+="&amp;cad="+c(e?e.substring(0,300):"No script found.")));for(var t in d)b+="&amp;",b+=c(t),b+="=",b+=c(d[t]);b=b+"&amp;emsg="+c(a.name+": "+a.message);b=b+"&amp;jsst="+c(a.stack||"N/A");12288&lt;=b.length&amp;&amp;(b=b.substr(0,12288));a=b;m||google.log(0,"",a);return a};window.onerror=function(a,b,d,m,c){q!==a&amp;&amp;(a=c instanceof Error?c:Error(a),void 0===d||"lineNumber"in a||(a.lineNumber=d),void 0===b||"fileName"in a||(a.fileName=b),google.ml(a,!1,void 0,!1,"SyntaxError"===a.name||"SyntaxError"===a.message.substring(0,11)?2:0));q=null;l&amp;&amp;p&gt;=k&amp;&amp;(window.onerror=null)};})();&lt;/script&gt;&lt;/head&gt;&lt;body bgcolor="#fff"&gt;&lt;script nonce="a7E6IplWo+JgvI96RGkiZA=="&gt;(function(){var src='/images/nav_logo229.png';var iesg=false;document.body.onload = function(){window.n &amp;&amp; window.n();if (document.images){new Image().src=src;}
if (!iesg){document.f&amp;&amp;document.f.q.focus();document.gbqf&amp;&amp;document.gbqf.q.focus();}
}
})();&lt;/script&gt;&lt;div id="mngb"&gt;&lt;div id=gbar&gt;&lt;nobr&gt;&lt;b class=gb1&gt;Zoeken&lt;/b&gt; &lt;a class=gb1 href="http://www.google.nl/imghp?hl=nl&amp;tab=wi"&gt;Afbeeldingen&lt;/a&gt; &lt;a class=gb1 href="http://maps.google.nl/maps?hl=nl&amp;tab=wl"&gt;Maps&lt;/a&gt; &lt;a class=gb1 href="https://play.google.com/?hl=nl&amp;tab=w8"&gt;Play&lt;/a&gt; &lt;a class=gb1 href="http://www.youtube.com/?gl=NL&amp;tab=w1"&gt;YouTube&lt;/a&gt; &lt;a class=gb1 href="https://news.google.com/?tab=wn"&gt;Nieuws&lt;/a&gt; &lt;a class=gb1 href="https://mail.google.com/mail/?tab=wm"&gt;Gmail&lt;/a&gt; &lt;a class=gb1 href="https://drive.google.com/?tab=wo"&gt;Drive&lt;/a&gt; &lt;a class=gb1 style="text-decoration:none" href="https://www.google.nl/intl/nl/about/products?tab=wh"&gt;&lt;u&gt;Meer&lt;/u&gt; &amp;raquo;&lt;/a&gt;&lt;/nobr&gt;&lt;/div&gt;&lt;div id=guser width=100%&gt;&lt;nobr&gt;&lt;span id=gbn class=gbi&gt;&lt;/span&gt;&lt;span id=gbf class=gbf&gt;&lt;/span&gt;&lt;span id=gbe&gt;&lt;/span&gt;&lt;a href="http://www.google.nl/history/optout?hl=nl" class=gb4&gt;Webgeschiedenis&lt;/a&gt; | &lt;a  href="/preferences?hl=nl" class=gb4&gt;Instellingen&lt;/a&gt; | &lt;a target=_top id=gb_70 href="https://accounts.google.com/ServiceLogin?hl=nl&amp;passive=true&amp;continue=http://www.google.com/&amp;ec=GAZAAQ" class=gb4&gt;Inloggen&lt;/a&gt;&lt;/nobr&gt;&lt;/div&gt;&lt;div class=gbh style=left:0&gt;&lt;/div&gt;&lt;div class=gbh style=right:0&gt;&lt;/div&gt;&lt;/div&gt;&lt;center&gt;&lt;br clear="all" id="lgpd"&gt;&lt;div id="lga"&gt;&lt;img alt="Google" height="92" src="/images/branding/googlelogo/1x/googlelogo_white_background_color_272x92dp.png" style="padding:28px 0 14px" width="272" id="hplogo"&gt;&lt;br&gt;&lt;br&gt;&lt;/div&gt;&lt;form action="/search" name="f"&gt;&lt;table cellpadding="0" cellspacing="0"&gt;&lt;tr valign="top"&gt;&lt;td width="25%"&gt;&amp;nbsp;&lt;/td&gt;&lt;td align="center" nowrap=""&gt;&lt;input name="ie" value="ISO-8859-1" type="hidden"&gt;&lt;input value="nl" name="hl" type="hidden"&gt;&lt;input name="source" type="hidden" value="hp"&gt;&lt;input name="biw" type="hidden"&gt;&lt;input name="bih" type="hidden"&gt;&lt;div class="ds" style="height:32px;margin:4px 0"&gt;&lt;input class="lst" style="margin:0;padding:5px 8px 0 6px;vertical-align:top;color:#000" autocomplete="off" value="" title="Google Zoeken" maxlength="2048" name="q" size="57"&gt;&lt;/div&gt;&lt;br style="line-height:0"&gt;&lt;span class="ds"&gt;&lt;span class="lsbb"&gt;&lt;input class="lsb" value="Google Zoeken" name="btnG" type="submit"&gt;&lt;/span&gt;&lt;/span&gt;&lt;span class="ds"&gt;&lt;span class="lsbb"&gt;&lt;input class="lsb" id="tsuid1" value="Ik doe een gok" name="btnI" type="submit"&gt;&lt;script nonce="a7E6IplWo+JgvI96RGkiZA=="&gt;(function(){var id='tsuid1';document.getElementById(id).onclick = function(){if (this.form.q.value){this.checked = 1;if (this.form.iflsig)this.form.iflsig.disabled = false;}
else top.location='/doodles/';};})();&lt;/script&gt;&lt;input value="ALs-wAMAAAAAYdzDLEzYrTY7vezwU_UJeKK49nGpITy8" name="iflsig" type="hidden"&gt;&lt;/span&gt;&lt;/span&gt;&lt;/td&gt;&lt;td class="fl sblc" align="left" nowrap="" width="25%"&gt;&lt;a href="/advanced_search?hl=nl&amp;amp;authuser=0"&gt;Geavanceerd zoeken&lt;/a&gt;&lt;/td&gt;&lt;/tr&gt;&lt;/table&gt;&lt;input id="gbv" name="gbv" type="hidden" value="1"&gt;&lt;script nonce="a7E6IplWo+JgvI96RGkiZA=="&gt;(function(){
var a,b="1";if(document&amp;&amp;document.getElementById)if("undefined"!=typeof XMLHttpRequest)b="2";else if("undefined"!=typeof ActiveXObject){... (set the log level to DEBUG or TRACE to see the full content) 
 </msg>
<msg timestamp="20220110 23:37:14.903" level="INFO">${resp_google} = &lt;Response [200]&gt;</msg>
<status status="PASS" starttime="20220110 23:37:14.796" endtime="20220110 23:37:14.903"/>
</kw>
<kw name="GET On Session" library="RequestsLibrary">
<var>${resp_json}</var>
<arg>jsonplaceholder</arg>
<arg>/posts/1</arg>
<doc>Sends a GET request on a previously created HTTP Session.</doc>
<msg timestamp="20220110 23:37:15.306" level="INFO">GET Request : url=https://jsonplaceholder.typicode.com/posts/1 
 path_url=/posts/1 
 headers={'User-Agent': 'python-requests/2.27.1', 'Accept-Encoding': 'gzip, deflate', 'Accept': '*/*', 'Connection': 'keep-alive'} 
 body=None 
 </msg>
<msg timestamp="20220110 23:37:15.306" level="INFO">GET Response : url=https://jsonplaceholder.typicode.com/posts/1 
 status=200, reason=OK 
 headers={'Date': 'Mon, 10 Jan 2022 22:37:16 GMT', 'Content-Type': 'application/json; charset=utf-8', 'Transfer-Encoding': 'chunked', 'Connection': 'keep-alive', 'x-powered-by': 'Express', 'x-ratelimit-limit': '1000', 'x-ratelimit-remaining': '999', 'x-ratelimit-reset': '1631494143', 'vary': 'Origin, Accept-Encoding', 'access-control-allow-credentials': 'true', 'cache-control': 'max-age=43200', 'pragma': 'no-cache', 'expires': '-1', 'x-content-type-options': 'nosniff', 'etag': 'W/"124-yiKdLzqO5gfBrJFrcdJ8Yq0LGnU"', 'via': '1.1 vegur', 'CF-Cache-Status': 'HIT', 'Age': '5967', 'Expect-CT': 'max-age=604800, report-uri="https://report-uri.cloudflare.com/cdn-cgi/beacon/expect-ct"', 'Report-To': '{"endpoints":[{"url":"https:\\/\\/a.nel.cloudflare.com\\/report\\/v3?s=vrv6dfNMeRb7z9VMEC%2BEygxXKpXmCU4dCE1fMa1xVB0oqB8%2BhrEmH5kVxKmsh%2FqXWv7T1xx%2BSo4ckZoSQhGmFNlXRSpgE4QkUkl0rfH%2Fl3RFluuptbGvNwf2zX68oF5JaicyrrunfUeWuDzkUx9C"}],"group":"cf-nel","max_age":604800}', 'NEL': '{"success_fraction":0,"report_to":"cf-nel","max_age":604800}', 'Server': 'cloudflare', 'CF-RAY': '6cb963939e35010d-AMS', 'Content-Encoding': 'gzip', 'alt-svc': 'h3=":443"; ma=86400, h3-29=":443"; ma=86400, h3-28=":443"; ma=86400, h3-27=":443"; ma=86400'} 
 body={
  "userId": 1,
  "id": 1,
  "title": "sunt aut facere repellat provident occaecati excepturi optio reprehenderit",
  "body": "quia et suscipit\nsuscipit recusandae consequuntur expedita et cum\nreprehenderit molestiae ut ut quas totam\nnostrum rerum est autem sunt rem eveniet architecto"
} 
 </msg>
<msg timestamp="20220110 23:37:15.306" level="INFO">C:\Users\gebruiker\AppData\Local\Programs\Python\Python310\lib\site-packages\urllib3\connectionpool.py:1013: InsecureRequestWarning: Unverified HTTPS request is being made to host 'jsonplaceholder.typicode.com'. Adding certificate verification is strongly advised. See: https://urllib3.readthedocs.io/en/1.26.x/advanced-usage.html#ssl-warnings
  warnings.warn(</msg>
<msg timestamp="20220110 23:37:15.307" level="INFO">${resp_json} = &lt;Response [200]&gt;</msg>
<status status="PASS" starttime="20220110 23:37:14.904" endtime="20220110 23:37:15.307"/>
</kw>
<kw name="Should Be Equal As Strings" library="BuiltIn">
<arg>${resp_google.reason}</arg>
<arg>OK</arg>
<doc>Fails if objects are unequal after converting them to strings.</doc>
<status status="PASS" starttime="20220110 23:37:15.307" endtime="20220110 23:37:15.310"/>
</kw>
<kw name="Dictionary Should Contain Value" library="Collections">
<arg>${resp_json.json()}</arg>
<arg>sunt aut facere repellat provident</arg>
<doc>Fails if ``value`` is not found from ``dictionary``.</doc>
<msg timestamp="20220110 23:37:15.312" level="FAIL">Dictionary does not contain value 'sunt aut facere repellat provident'.</msg>
<status status="FAIL" starttime="20220110 23:37:15.310" endtime="20220110 23:37:15.312"/>
</kw>
<status status="FAIL" starttime="20220110 23:37:14.795" endtime="20220110 23:37:15.312">Dictionary does not contain value 'sunt aut facere repellat provident'.</status>
</test>
<test id="s1-t2" name="Post Request Test">
<kw name="Create Dictionary" library="BuiltIn">
<var>&amp;{data}</var>
<arg>title=Robotframework requests</arg>
<arg>body=This is a test!</arg>
<arg>userId=1</arg>
<doc>Creates and returns a dictionary based on the given ``items``.</doc>
<msg timestamp="20220110 23:37:15.314" level="INFO">&amp;{data} = { title=Robotframework requests | body=This is a test! | userId=1 }</msg>
<status status="PASS" starttime="20220110 23:37:15.314" endtime="20220110 23:37:15.314"/>
</kw>
<kw name="POST On Session" library="RequestsLibrary">
<var>${resp}</var>
<arg>jsonplaceholder</arg>
<arg>/posts</arg>
<arg>json=${data}</arg>
<arg>expected_status=anything</arg>
<doc>Sends a POST request on a previously created HTTP Session.</doc>
<msg timestamp="20220110 23:37:15.518" level="INFO">POST Request : url=https://jsonplaceholder.typicode.com/posts 
 path_url=/posts 
 headers={'User-Agent': 'python-requests/2.27.1', 'Accept-Encoding': 'gzip, deflate', 'Accept': '*/*', 'Connection': 'keep-alive', 'Content-Length': '78', 'Content-Type': 'application/json'} 
 body=b'{"title": "Robotframework requests", "body": "This is a test!", "userId": "1"}' 
 </msg>
<msg timestamp="20220110 23:37:15.519" level="INFO">POST Response : url=https://jsonplaceholder.typicode.com/posts 
 status=201, reason=Created 
 headers={'Date': 'Mon, 10 Jan 2022 22:37:16 GMT', 'Content-Type': 'application/json; charset=utf-8', 'Content-Length': '99', 'Connection': 'keep-alive', 'x-powered-by': 'Express', 'x-ratelimit-limit': '1000', 'x-ratelimit-remaining': '998', 'x-ratelimit-reset': '1641854257', 'vary': 'Origin, X-HTTP-Method-Override, Accept-Encoding', 'access-control-allow-credentials': 'true', 'cache-control': 'no-cache', 'pragma': 'no-cache', 'expires': '-1', 'access-control-expose-headers': 'Location', 'location': 'http://jsonplaceholder.typicode.com/posts/101', 'x-content-type-options': 'nosniff', 'etag': 'W/"63-daIIVFzR7RBBdtxHXrQgXNh6uvc"', 'via': '1.1 vegur', 'CF-Cache-Status': 'DYNAMIC', 'Expect-CT': 'max-age=604800, report-uri="https://report-uri.cloudflare.com/cdn-cgi/beacon/expect-ct"', 'Report-To': '{"endpoints":[{"url":"https:\\/\\/a.nel.cloudflare.com\\/report\\/v3?s=AGiZX0XMJrt0KmH5Fb4%2FDC0tKcj9YmjhBi0Ny2GNX%2B58wuNXK%2FjAbRyREjmSyc0BHFS0MwvO7vT%2Bmrlo39LE%2FEEJNxkZpO8%2FSzacd8y1kqRhu6HEeGPYjxfK1ZWou%2FD5nhN6YERtExbXZzVZ%2B1CL"}],"group":"cf-nel","max_age":604800}', 'NEL': '{"success_fraction":0,"report_to":"cf-nel","max_age":604800}', 'Server': 'cloudflare', 'CF-RAY': '6cb96393ee85010d-AMS', 'alt-svc': 'h3=":443"; ma=86400, h3-29=":443"; ma=86400, h3-28=":443"; ma=86400, h3-27=":443"; ma=86400'} 
 body={
  "title": "Robotframework requests",
  "body": "This is a test!",
  "userId": "1",
  "id": 101
} 
 </msg>
<msg timestamp="20220110 23:37:15.519" level="INFO">C:\Users\gebruiker\AppData\Local\Programs\Python\Python310\lib\site-packages\urllib3\connectionpool.py:1013: InsecureRequestWarning: Unverified HTTPS request is being made to host 'jsonplaceholder.typicode.com'. Adding certificate verification is strongly advised. See: https://urllib3.readthedocs.io/en/1.26.x/advanced-usage.html#ssl-warnings
  warnings.warn(</msg>
<msg timestamp="20220110 23:37:15.520" level="INFO">${resp} = &lt;Response [201]&gt;</msg>
<status status="PASS" starttime="20220110 23:37:15.315" endtime="20220110 23:37:15.520"/>
</kw>
<kw name="Status Should Be" library="RequestsLibrary">
<arg>201</arg>
<arg>${resp}</arg>
<doc>Fails if response status code is different than the expected.</doc>
<status status="PASS" starttime="20220110 23:37:15.521" endtime="20220110 23:37:15.522"/>
</kw>
<kw name="Dictionary Should Contain Key" library="Collections">
<arg>${resp.json()}</arg>
<arg>id</arg>
<doc>Fails if ``key`` is not found from ``dictionary``.</doc>
<status status="PASS" starttime="20220110 23:37:15.522" endtime="20220110 23:37:15.523"/>
</kw>
<status status="PASS" starttime="20220110 23:37:15.313" endtime="20220110 23:37:15.523"/>
</test>
<status status="FAIL" starttime="20220110 23:37:14.593" endtime="20220110 23:37:15.525"/>
</suite>
<statistics>
<total>
<stat pass="1" fail="1" skip="0">All Tests</stat>
</total>
<tag>
</tag>
<suite>
<stat pass="1" fail="1" skip="0" id="s1" name="TC1.JsonPlaceHolder">TC1.JsonPlaceHolder</stat>
</suite>
</statistics>
<errors>
</errors>
</robot>
